[2018-07-07 08:03:43.261] [exthost1] [info] extension host started
[2018-07-07 08:03:43.638] [exthost1] [info] extension host started
[2018-07-07 08:03:43.674] [exthost1] [info] ExtensionService#_doActivateExtension vscode.emmet {"startup":true,"activationEvent":"*"}
[2018-07-07 08:03:43.674] [exthost1] [info] ExtensionService#loadCommonJSModule /home/erica/.codemix/engine/resources/app/extensions/emmet/out/extension
[2018-07-07 08:03:43.755] [exthost1] [info] ExtensionService#_doActivateExtension vscode.git {"startup":true,"activationEvent":"*"}
[2018-07-07 08:03:43.755] [exthost1] [info] ExtensionService#loadCommonJSModule /home/erica/.codemix/engine/resources/app/extensions/git/out/main
[2018-07-07 08:03:43.844] [exthost1] [info] ExtensionService#_doActivateExtension vscode.merge-conflict {"startup":true,"activationEvent":"*"}
[2018-07-07 08:03:43.844] [exthost1] [info] ExtensionService#loadCommonJSModule /home/erica/.codemix/engine/resources/app/extensions/merge-conflict/out/extension
[2018-07-07 08:03:43.861] [exthost1] [info] ExtensionService#_doActivateExtension HookyQR.beautify {"startup":true,"activationEvent":"*"}
[2018-07-07 08:03:43.861] [exthost1] [info] ExtensionService#loadCommonJSModule /home/erica/.vscode/extensions/HookyQR.beautify-1.3.0/extension
[2018-07-07 08:03:43.927] [exthost1] [info] ExtensionService#_doActivateExtension Zignd.html-css-class-completion {"startup":true,"activationEvent":"*"}
[2018-07-07 08:03:43.927] [exthost1] [info] ExtensionService#loadCommonJSModule /home/erica/.vscode/extensions/Zignd.html-css-class-completion-1.17.1/out/src/extension
[2018-07-07 08:03:44.744] [exthost1] [info] ExtensionService#_doActivateExtension christian-kohler.path-intellisense {"startup":true,"activationEvent":"*"}
[2018-07-07 08:03:44.744] [exthost1] [info] ExtensionService#loadCommonJSModule /home/erica/.vscode/extensions/christian-kohler.path-intellisense-1.4.2/out/src/extension
[2018-07-07 08:03:44.798] [exthost1] [info] ExtensionService#_doActivateExtension dbaeumer.vscode-eslint {"startup":true,"activationEvent":"*"}
[2018-07-07 08:03:44.798] [exthost1] [info] ExtensionService#loadCommonJSModule /home/erica/.vscode/extensions/dbaeumer.vscode-eslint-1.4.10/client/out/extension
[2018-07-07 08:03:44.956] [exthost1] [info] ExtensionService#_doActivateExtension formulahendry.auto-close-tag {"startup":true,"activationEvent":"*"}
[2018-07-07 08:03:44.956] [exthost1] [info] ExtensionService#loadCommonJSModule /home/erica/.vscode/extensions/formulahendry.auto-close-tag-0.5.6/out/src/extension
[2018-07-07 08:03:44.963] [exthost1] [info] eager extensions activated
[2018-07-07 08:03:44.963] [exthost1] [info] ExtensionService#_doActivateExtension vscode.configuration-editing {"startup":false,"activationEvent":"onLanguage:jsonc"}
[2018-07-07 08:03:44.963] [exthost1] [info] ExtensionService#loadCommonJSModule /home/erica/.codemix/engine/resources/app/extensions/configuration-editing/out/extension
[2018-07-07 08:03:45.006] [exthost1] [info] ExtensionService#_doActivateExtension vscode.json {"startup":false,"activationEvent":"onLanguage:jsonc"}
[2018-07-07 08:03:45.006] [exthost1] [info] ExtensionService#loadCommonJSModule /home/erica/.codemix/engine/resources/app/extensions/json/client/out/jsonMain
